> Task :compileJava UP-TO-DATE
> Task :processResources
> Task :classes
> Task :resolveMainClassName
> Task :bootJar FAILED

FAILURE: Build failed with an exception.

* What went wrong:
Execution failed for task ':bootJar'.
> 'java.lang.Integer org.gradle.api.file.CopyProcessingSpec.getDirMode()'

* Try:
> Run with --stacktrace option to get the stack trace.
> Run with --info or --debug option to get more log output.
> Run with --scan to generate a Build Scan (powered by Develocity).
> Get more help at https://help.gradle.org.

BUILD FAILED in 1s
4 actionable tasks: 3 executed, 1 up-to-date
